0
0
0
0
999999403
0
0
1999999317
5999997089
0
999999596
0
12999992121
0
0
1999998302
0
9999994467
8999994345
2999997973
20999990751
0
11999996467
2999998877
0
2999997141
999999062
999999892
1999998805
999999334
8999992726
2999998667
5999996018
11999995834
8999996029
12999990602
2999997973
4999996567
3999996845
18999991778
1999998079
999999001
11999990400
11999991126
999999334
999999062
26999987003
5999995404
4999996089
2999998635
2999997141
3999999363
3999996228
15999987536
14999994337
2999997487
16999988160
49999973481
45999976033
0
1999998372
3999999438
2999997284
5999995326
12999990287
3999996461
23999991753
9999996194
10999996825
20999992522
42999979423
3999998188
5999995492
11999989925
21999991743
1999999595
999999919
20999983666
0
12999987867
3999996162
30999989690
37999985712
28999985190
21999986763
24999986611
74999964390
999999036
11999998183
46999970766
13999991388
32999978690
41999967337
50999981817
8999991214
10999994359
6999998323
13999995220
39999975924
64999966943
61999969324
17999995531
15999987740
20999986336
44999970433
47999972596
43999983914
28999986036
20999992902
39999986858
81999955212
7999992313
84999963752
25999981054
19999987464
22999988180
64999957431
20999992902
75999971655
13999987102
11999997713
3999996576
15999992275
63999972001
20999996726
10999989265
49999968092
2999997846
79999960232
15999985334
41999965547
24999986802
51999976614
105999953076
49999983563
56999955150
39999967176
94999953613
23999989502
2999997087
35999989157
92999953587
32999988386
41999972270
85999953851
12999994544
12999988098
26999980321
36999970966
12999992284
34999976692
73999961260
44999987217
10999992245
9999990957
18999989125
118999942509
11999991865
28999980025
14999986175
9999997696
22999979289
8999997058
6999993740
999999382
46999991485
96999947401
54999975363
105999941952
91999944311
4999995097
47999967082
27999977377
24999981874
52999967770
66999979671
85999971357
18999987510
999999005
10999996337
0
37999994743
0
55999961295
122999944080
3999997133
41999967177
0
104999954236
48999960494
21999997001
47999968340
52999976339
69999972854
10999989304
23999980794
88999951653
16999989635
12999990196
56999957030
84999964640
45999966448
10999995221
44999973068
21999982921
56999959268
1999998288
21999986086
27999985387
40999968735
6999993602
10999989450
23999977815
53999959376
55999960759
27999979814
7999992601
6999994249
71999981248
4999997491
44999967592
137999911068
28999985698
103999935622
76999953345
172999905734
8999995874
23999981466
41999976333
87999963406
999999001
999999070
158999936705
106999939769
39999963809
40999967239
175999896134
1999998771
135999937864
2999997584
53999977573
25999992743
128999928694
38999986860
106999930814
19999983047
100999951702
4999995052
10999993997
0
3999996239
10999990096
25999995992
18999981650
60999954532
60999955461
22999982236
33999985083
999999159
34999987843
26999998190
11999989678
120999946331
36999987704
160999930338
51999965656
12999990832
87999961360
999999417
22999993402
207999905484
26999974350
99999973424
23999982033
35999970738
66999946657
61999975836
82999941697
158999915845
30999979217
7999996842
192999895925
99999958588
7999992153
87999936620
4999995582
64999942910
27999978450
62999944649
80999953380
2999997991
106999952528
224999892580
14999988962
16999983807
70999946628
89999933575
45999964804
36999973773
162999909645
5999994676
999999312
33999968721
89999926131
12999987600
104999919888
8999992789
26999982191
48999984685
62999960781
141999897538
8999994550
5999998117
4999998863
20999995303
45999966779
7999995235
31999996178
67999973876
97999953512
138999919389
31999975115
999999954
182999893699
47999964130
93999926437
35999974650
27999987038
9999991485
38999968855
25999978045
112999927370
12999987686
10999990551
155999907404
19999981814
124999908954
5999994676
31999975159
33999978306
87999959216
19999988414
145999889931
74999983397
79999933105
90999931783
78999969062
27999974484
3999996065
246999864803
31999981746
8999995554
68999976359
191999881641
87999959113
27999973556
62999970650
54999983845
169999938161
97999934041
82999959844
0
87999936975
142999933286
59999990236
110999925087
39999970344
27999975012
39999985155
42999969099
155999880930
33999973545
81999937778
9999999556
204999906116
104999955274
64999955585
25999988171
999999111
116999972369
101999955998
63999960708
152999891017
279999859739
74999977301
154999937417
31999971222
94999938404
17999989579
50999976227
50999959383
31999973469
53999955206
156999949312
26999992906
65999940902
5999994512
107999962901
116999969733
51999994520
83999976430
14999986372
1999998022
37999992209
2999997111
2999998101
195999911548
0
121999921585
27999977887
87999937947
25999975565
59999967609
51999986604
106999925559
86999941837
84999945693
30999971062
43999976005
7999993771
11999991434
142999914312
20999980364
147999898273
71999964030
48999963901
215999870711
271999839014
3999996356
133999893621
165999899907
23999976853
130999919605
4999995949
22999994698
170999894814
203999883941
7999992688
138999916581
109999930195
213999888359
3999998387
45999969579
60999952432
319999823778
9999992574
0
306999823435
116999970069
8999991959
157999918317
2999997126
19999984457
266999858425
133999894989
137999907720
260999861027
57999951513
25999987211
105999917914
168999877595
16999983937
29999974716
116999919147
113999937249
121999944977
89999950916
28999975384
199999877802
257999839762
159999888454
249999831950
35999978285
42999961047
185999891947
229999883159
4999995474
129999936680
245999886337
39999992023
175999891064
2999998794
58999951668
54999977823
24999983610
140999897012
96999930040
4999995687
99999938940
201999870025
27999972924
322999855329
1999998985
45999961563
18999982323
316999847047
102999918950
8999994592
114999917489
4999996977
9999992715
324999823196
1999998819
147999930339
93999937597
4999995453
158999892457
3999999230
211999889184
88999922219
121999898405
122999939520
25999980551
17999982978
