1 38805
1 38805
1 38805
0 0
1 602131
1 547941
1 547941
1 547941
1 547941
2 334461
3 450907
3 274396
3 274396
3 274396
2 328841
0 0
0 0
1 14659
1 14659
1 14659
2 247761
1 393411
1 393411
1 444656
1 444656
0 0
1 155316
2 168511
2 68580
2 68580
2 199278
2 199278
2 360428
3 254001
3 863240
3 863240
2 880098
3 834784
3 452451
3 497493
3 531672
4 563523
4 563523
4 573790
5 341822
4 467092
2 985657
2 985657
3 708363
3 644116
2 300207
3 427682
3 426776
4 461127
4 461127
4 443301
4 348244
4 348140
4 348140
4 467744
4 696883
3 733890
2 714446
2 92389
3 194109
4 429258
5 421336
4 686761
4 680615
4 730349
3 933220
4 767904
3 933220
4 642519
4 642519
5 479391
5 479391
5 495526
4 204928
3 363732
3 363732
3 363732
3 363732
4 667216
4 637735
4 651133
4 550493
4 650432
4 407920
3 102208
3 124323
3 124323
4 75740
5 413804
5 137736
5 137736
5 137736
6 329431
5 261172
5 304880
4 242884
